{
  "uid" : "846d21be9c9ddecb",
  "name" : "Тест на проверку того, что при создании нового заказа счётчик Выполнено за сегодня увеличивается",
  "fullName" : "tests.test_orders_line.TestOrdersLine#test_today_counter",
  "historyId" : "33bc924bf3681ab12b4ba1e33e945825",
  "time" : {
    "start" : 1748192563700,
    "stop" : 1748192579799,
    "duration" : 16099
  },
  "status" : "broken",
  "statusMessage" : "selenium.common.exceptions.TimeoutException: Message: \nStacktrace:\n\tGetHandleVerifier [0x00007FF74C1ECF45+75717]\n\tGetHandleVerifier [0x00007FF74C1ECFA0+75808]\n\t(No symbol) [0x00007FF74BFB8F9A]\n\t(No symbol) [0x00007FF74C00F4C6]\n\t(No symbol) [0x00007FF74C00F77C]\n\t(No symbol) [0x00007FF74C062577]\n\t(No symbol) [0x00007FF74C0373BF]\n\t(No symbol) [0x00007FF74C05F39C]\n\t(No symbol) [0x00007FF74C037153]\n\t(No symbol) [0x00007FF74C000421]\n\t(No symbol) [0x00007FF74C0011B3]\n\tGetHandleVerifier [0x00007FF74C4ED71D+3223453]\n\tGetHandleVerifier [0x00007FF74C4E7CC2+3200322]\n\tGetHandleVerifier [0x00007FF74C505AF3+3322739]\n\tGetHandleVerifier [0x00007FF74C206A1A+180890]\n\tGetHandleVerifier [0x00007FF74C20E11F+211359]\n\tGetHandleVerifier [0x00007FF74C1F5294+109332]\n\tGetHandleVerifier [0x00007FF74C1F5442+109762]\n\tGetHandleVerifier [0x00007FF74C1DBA59+4825]\n\tBaseThreadInitThunk [0x00007FF81D517374+20]\n\tRtlUserThreadStart [0x00007FF81D73CC91+33]",
  "statusTrace" : "self = <tests.test_orders_line.TestOrdersLine object at 0x0000019870A5D4D0>, login = <selenium.webdriver.chrome.webdriver.WebDriver (session=\"d798a220da85c648ead6127c82d98662\")>\n\n    @allure.title(\"Тест на проверку того, что при создании нового заказа счётчик Выполнено за сегодня увеличивается\")\n    def test_today_counter(self, login):\n        # Arrange\n        main_page = MainPage(login)\n        main_page.wait_for_element_hide(MainFunctionsLocators.OVERLAY)\n        main_page.click_on_orders_line_button()\n        orders_line_page = OrdersLinePage(login)\n        before = orders_line_page.get_count(OrdersLineLocators.TODAY_COUNTER)\n        # Act\n        main_page.click_on_constructor_button()\n        constructor_page = ConstructorPage(login)\n        constructor_page.drag_ingredient_to_order()\n        constructor_page.click_on_order_button()\n        constructor_page.wait_for_element_hide(MainFunctionsLocators.OVERLAY)\n        constructor_page.click_on_order_popup_cross()\n        main_page.click_on_orders_line_button()\n        orders_line_page = OrdersLinePage(login)\n>       orders_line_page.check_today_order_counter(before)\n\ntests\\test_orders_line.py:89: \n_ _ _ _ _ _ _ _ _ _ _ _ _ _ _ _ _ _ _ _ _ _ _ _ _ _ _ _ _ _ _ _ _ _ _ _ _ _ _ _ _ _ _ _ _ _ _ _ _ _ _ _ _ _ _ _ _ _ _ _ _ _ _ _ _ _ _ _ _ _ _ _ _ _ _ _ _ _ _ _ _ _ _ _ _ _ _ _ _ _ _ _\npages\\orders_line_page.py:29: in check_today_order_counter\n    return self.wait_for_attribute(OrdersLineLocators.TODAY_COUNTER, \"textContent\", expected, timeout)\npages\\base_page.py:39: in wait_for_attribute\n    return WebDriverWait(self.driver, timeout).until(\n_ _ _ _ _ _ _ _ _ _ _ _ _ _ _ _ _ _ _ _ _ _ _ _ _ _ _ _ _ _ _ _ _ _ _ _ _ _ _ _ _ _ _ _ _ _ _ _ _ _ _ _ _ _ _ _ _ _ _ _ _ _ _ _ _ _ _ _ _ _ _ _ _ _ _ _ _ _ _ _ _ _ _ _ _ _ _ _ _ _ _ _\n\nself = <selenium.webdriver.support.wait.WebDriverWait (session=\"d798a220da85c648ead6127c82d98662\")>\nmethod = <function text_to_be_present_in_element_attribute.<locals>._predicate at 0x0000019870A7DB20>, message = ''\n\n    def until(self, method: Callable[[D], Union[Literal[False], T]], message: str = \"\") -> T:\n        \"\"\"Wait until the method returns a value that is not False.\n    \n        Calls the method provided with the driver as an argument until the\n        return value does not evaluate to ``False``.\n    \n        Parameters:\n        -----------\n        method: callable(WebDriver)\n            - A callable object that takes a WebDriver instance as an argument.\n    \n        message: str\n            - Optional message for :exc:`TimeoutException`\n    \n        Return:\n        -------\n        object: T\n            - The result of the last call to `method`\n    \n        Raises:\n        -------\n        TimeoutException\n            - If 'method' does not return a truthy value within the WebDriverWait\n            object's timeout\n    \n        Example:\n        --------\n        >>> from selenium.webdriver.common.by import By\n        >>> from selenium.webdriver.support.ui import WebDriverWait\n        >>> from selenium.webdriver.support import expected_conditions as EC\n    \n        # Wait until an element is visible on the page\n        >>> wait = WebDriverWait(driver, 10)\n        >>> element = wait.until(EC.visibility_of_element_located((By.ID, \"exampleId\")))\n        >>> print(element.text)\n        \"\"\"\n        screen = None\n        stacktrace = None\n    \n        end_time = time.monotonic() + self._timeout\n        while True:\n            try:\n                value = method(self._driver)\n                if value:\n                    return value\n            except self._ignored_exceptions as exc:\n                screen = getattr(exc, \"screen\", None)\n                stacktrace = getattr(exc, \"stacktrace\", None)\n            if time.monotonic() > end_time:\n                break\n            time.sleep(self._poll)\n>       raise TimeoutException(message, screen, stacktrace)\nE       selenium.common.exceptions.TimeoutException: Message: \nE       Stacktrace:\nE       \tGetHandleVerifier [0x00007FF74C1ECF45+75717]\nE       \tGetHandleVerifier [0x00007FF74C1ECFA0+75808]\nE       \t(No symbol) [0x00007FF74BFB8F9A]\nE       \t(No symbol) [0x00007FF74C00F4C6]\nE       \t(No symbol) [0x00007FF74C00F77C]\nE       \t(No symbol) [0x00007FF74C062577]\nE       \t(No symbol) [0x00007FF74C0373BF]\nE       \t(No symbol) [0x00007FF74C05F39C]\nE       \t(No symbol) [0x00007FF74C037153]\nE       \t(No symbol) [0x00007FF74C000421]\nE       \t(No symbol) [0x00007FF74C0011B3]\nE       \tGetHandleVerifier [0x00007FF74C4ED71D+3223453]\nE       \tGetHandleVerifier [0x00007FF74C4E7CC2+3200322]\nE       \tGetHandleVerifier [0x00007FF74C505AF3+3322739]\nE       \tGetHandleVerifier [0x00007FF74C206A1A+180890]\nE       \tGetHandleVerifier [0x00007FF74C20E11F+211359]\nE       \tGetHandleVerifier [0x00007FF74C1F5294+109332]\nE       \tGetHandleVerifier [0x00007FF74C1F5442+109762]\nE       \tGetHandleVerifier [0x00007FF74C1DBA59+4825]\nE       \tBaseThreadInitThunk [0x00007FF81D517374+20]\nE       \tRtlUserThreadStart [0x00007FF81D73CC91+33]\n\nenv\\Lib\\site-packages\\selenium\\webdriver\\support\\wait.py:146: TimeoutException",
  "flaky" : false,
  "beforeStages" : [ {
    "name" : "driver",
    "time" : {
      "start" : 1748192556630,
      "stop" : 1748192563400,
      "duration" : 6770
    },
    "status" : "passed",
    "steps" : [ ],
    "attachments" : [ ],
    "parameters" : [ ],
    "attachmentsCount" : 0,
    "shouldDisplayMessage" : false,
    "stepsCount" : 0,
    "hasContent" : false
  }, {
    "name" : "login",
    "time" : {
      "start" : 1748192563400,
      "stop" : 1748192563699,
      "duration" : 299
    },
    "status" : "passed",
    "steps" : [ ],
    "attachments" : [ ],
    "parameters" : [ ],
    "attachmentsCount" : 0,
    "shouldDisplayMessage" : false,
    "stepsCount" : 0,
    "hasContent" : false
  } ],
  "testStage" : {
    "status" : "broken",
    "statusMessage" : "selenium.common.exceptions.TimeoutException: Message: \nStacktrace:\n\tGetHandleVerifier [0x00007FF74C1ECF45+75717]\n\tGetHandleVerifier [0x00007FF74C1ECFA0+75808]\n\t(No symbol) [0x00007FF74BFB8F9A]\n\t(No symbol) [0x00007FF74C00F4C6]\n\t(No symbol) [0x00007FF74C00F77C]\n\t(No symbol) [0x00007FF74C062577]\n\t(No symbol) [0x00007FF74C0373BF]\n\t(No symbol) [0x00007FF74C05F39C]\n\t(No symbol) [0x00007FF74C037153]\n\t(No symbol) [0x00007FF74C000421]\n\t(No symbol) [0x00007FF74C0011B3]\n\tGetHandleVerifier [0x00007FF74C4ED71D+3223453]\n\tGetHandleVerifier [0x00007FF74C4E7CC2+3200322]\n\tGetHandleVerifier [0x00007FF74C505AF3+3322739]\n\tGetHandleVerifier [0x00007FF74C206A1A+180890]\n\tGetHandleVerifier [0x00007FF74C20E11F+211359]\n\tGetHandleVerifier [0x00007FF74C1F5294+109332]\n\tGetHandleVerifier [0x00007FF74C1F5442+109762]\n\tGetHandleVerifier [0x00007FF74C1DBA59+4825]\n\tBaseThreadInitThunk [0x00007FF81D517374+20]\n\tRtlUserThreadStart [0x00007FF81D73CC91+33]",
    "statusTrace" : "self = <tests.test_orders_line.TestOrdersLine object at 0x0000019870A5D4D0>, login = <selenium.webdriver.chrome.webdriver.WebDriver (session=\"d798a220da85c648ead6127c82d98662\")>\n\n    @allure.title(\"Тест на проверку того, что при создании нового заказа счётчик Выполнено за сегодня увеличивается\")\n    def test_today_counter(self, login):\n        # Arrange\n        main_page = MainPage(login)\n        main_page.wait_for_element_hide(MainFunctionsLocators.OVERLAY)\n        main_page.click_on_orders_line_button()\n        orders_line_page = OrdersLinePage(login)\n        before = orders_line_page.get_count(OrdersLineLocators.TODAY_COUNTER)\n        # Act\n        main_page.click_on_constructor_button()\n        constructor_page = ConstructorPage(login)\n        constructor_page.drag_ingredient_to_order()\n        constructor_page.click_on_order_button()\n        constructor_page.wait_for_element_hide(MainFunctionsLocators.OVERLAY)\n        constructor_page.click_on_order_popup_cross()\n        main_page.click_on_orders_line_button()\n        orders_line_page = OrdersLinePage(login)\n>       orders_line_page.check_today_order_counter(before)\n\ntests\\test_orders_line.py:89: \n_ _ _ _ _ _ _ _ _ _ _ _ _ _ _ _ _ _ _ _ _ _ _ _ _ _ _ _ _ _ _ _ _ _ _ _ _ _ _ _ _ _ _ _ _ _ _ _ _ _ _ _ _ _ _ _ _ _ _ _ _ _ _ _ _ _ _ _ _ _ _ _ _ _ _ _ _ _ _ _ _ _ _ _ _ _ _ _ _ _ _ _\npages\\orders_line_page.py:29: in check_today_order_counter\n    return self.wait_for_attribute(OrdersLineLocators.TODAY_COUNTER, \"textContent\", expected, timeout)\npages\\base_page.py:39: in wait_for_attribute\n    return WebDriverWait(self.driver, timeout).until(\n_ _ _ _ _ _ _ _ _ _ _ _ _ _ _ _ _ _ _ _ _ _ _ _ _ _ _ _ _ _ _ _ _ _ _ _ _ _ _ _ _ _ _ _ _ _ _ _ _ _ _ _ _ _ _ _ _ _ _ _ _ _ _ _ _ _ _ _ _ _ _ _ _ _ _ _ _ _ _ _ _ _ _ _ _ _ _ _ _ _ _ _\n\nself = <selenium.webdriver.support.wait.WebDriverWait (session=\"d798a220da85c648ead6127c82d98662\")>\nmethod = <function text_to_be_present_in_element_attribute.<locals>._predicate at 0x0000019870A7DB20>, message = ''\n\n    def until(self, method: Callable[[D], Union[Literal[False], T]], message: str = \"\") -> T:\n        \"\"\"Wait until the method returns a value that is not False.\n    \n        Calls the method provided with the driver as an argument until the\n        return value does not evaluate to ``False``.\n    \n        Parameters:\n        -----------\n        method: callable(WebDriver)\n            - A callable object that takes a WebDriver instance as an argument.\n    \n        message: str\n            - Optional message for :exc:`TimeoutException`\n    \n        Return:\n        -------\n        object: T\n            - The result of the last call to `method`\n    \n        Raises:\n        -------\n        TimeoutException\n            - If 'method' does not return a truthy value within the WebDriverWait\n            object's timeout\n    \n        Example:\n        --------\n        >>> from selenium.webdriver.common.by import By\n        >>> from selenium.webdriver.support.ui import WebDriverWait\n        >>> from selenium.webdriver.support import expected_conditions as EC\n    \n        # Wait until an element is visible on the page\n        >>> wait = WebDriverWait(driver, 10)\n        >>> element = wait.until(EC.visibility_of_element_located((By.ID, \"exampleId\")))\n        >>> print(element.text)\n        \"\"\"\n        screen = None\n        stacktrace = None\n    \n        end_time = time.monotonic() + self._timeout\n        while True:\n            try:\n                value = method(self._driver)\n                if value:\n                    return value\n            except self._ignored_exceptions as exc:\n                screen = getattr(exc, \"screen\", None)\n                stacktrace = getattr(exc, \"stacktrace\", None)\n            if time.monotonic() > end_time:\n                break\n            time.sleep(self._poll)\n>       raise TimeoutException(message, screen, stacktrace)\nE       selenium.common.exceptions.TimeoutException: Message: \nE       Stacktrace:\nE       \tGetHandleVerifier [0x00007FF74C1ECF45+75717]\nE       \tGetHandleVerifier [0x00007FF74C1ECFA0+75808]\nE       \t(No symbol) [0x00007FF74BFB8F9A]\nE       \t(No symbol) [0x00007FF74C00F4C6]\nE       \t(No symbol) [0x00007FF74C00F77C]\nE       \t(No symbol) [0x00007FF74C062577]\nE       \t(No symbol) [0x00007FF74C0373BF]\nE       \t(No symbol) [0x00007FF74C05F39C]\nE       \t(No symbol) [0x00007FF74C037153]\nE       \t(No symbol) [0x00007FF74C000421]\nE       \t(No symbol) [0x00007FF74C0011B3]\nE       \tGetHandleVerifier [0x00007FF74C4ED71D+3223453]\nE       \tGetHandleVerifier [0x00007FF74C4E7CC2+3200322]\nE       \tGetHandleVerifier [0x00007FF74C505AF3+3322739]\nE       \tGetHandleVerifier [0x00007FF74C206A1A+180890]\nE       \tGetHandleVerifier [0x00007FF74C20E11F+211359]\nE       \tGetHandleVerifier [0x00007FF74C1F5294+109332]\nE       \tGetHandleVerifier [0x00007FF74C1F5442+109762]\nE       \tGetHandleVerifier [0x00007FF74C1DBA59+4825]\nE       \tBaseThreadInitThunk [0x00007FF81D517374+20]\nE       \tRtlUserThreadStart [0x00007FF81D73CC91+33]\n\nenv\\Lib\\site-packages\\selenium\\webdriver\\support\\wait.py:146: TimeoutException",
    "steps" : [ {
      "name" : "Подождать пока элемент станет невидимым",
      "time" : {
        "start" : 1748192563701,
        "stop" : 1748192564236,
        "duration" : 535
      },
      "status" : "passed",
      "steps" : [ ],
      "attachments" : [ ],
      "parameters" : [ {
        "name" : "locator",
        "value" : "['xpath', \".//div[contains(@class, 'Modal_modal_overlay__x2ZCr')]/parent::div\"]"
      }, {
        "name" : "timeout",
        "value" : "100"
      } ],
      "attachmentsCount" : 0,
      "shouldDisplayMessage" : false,
      "stepsCount" : 0,
      "hasContent" : true
    }, {
      "name" : "Кликнуть на кнопку 'Лента заказов'",
      "time" : {
        "start" : 1748192564236,
        "stop" : 1748192564303,
        "duration" : 67
      },
      "status" : "passed",
      "steps" : [ {
        "name" : "Кликнуть на элемент",
        "time" : {
          "start" : 1748192564236,
          "stop" : 1748192564303,
          "duration" : 67
        },
        "status" : "passed",
        "steps" : [ {
          "name" : "Подождать видимости элемента",
          "time" : {
            "start" : 1748192564236,
            "stop" : 1748192564253,
            "duration" : 17
          },
          "status" : "passed",
          "steps" : [ ],
          "attachments" : [ ],
          "parameters" : [ {
            "name" : "locator",
            "value" : "['xpath', \"//p[text()='Лента Заказов']\"]"
          }, {
            "name" : "timeout",
            "value" : "10"
          } ],
          "attachmentsCount" : 0,
          "shouldDisplayMessage" : false,
          "stepsCount" : 0,
          "hasContent" : true
        } ],
        "attachments" : [ ],
        "parameters" : [ {
          "name" : "locator",
          "value" : "['xpath', \"//p[text()='Лента Заказов']\"]"
        }, {
          "name" : "timeout",
          "value" : "10"
        } ],
        "attachmentsCount" : 0,
        "shouldDisplayMessage" : false,
        "stepsCount" : 1,
        "hasContent" : true
      } ],
      "attachments" : [ ],
      "parameters" : [ ],
      "attachmentsCount" : 0,
      "shouldDisplayMessage" : false,
      "stepsCount" : 2,
      "hasContent" : true
    }, {
      "name" : "Получить текущее значение cчетчика",
      "time" : {
        "start" : 1748192564304,
        "stop" : 1748192565345,
        "duration" : 1041
      },
      "status" : "passed",
      "steps" : [ {
        "name" : "Получить текст элемента",
        "time" : {
          "start" : 1748192564305,
          "stop" : 1748192565345,
          "duration" : 1040
        },
        "status" : "passed",
        "steps" : [ {
          "name" : "Подождать видимости элемента",
          "time" : {
            "start" : 1748192564305,
            "stop" : 1748192565330,
            "duration" : 1025
          },
          "status" : "passed",
          "steps" : [ ],
          "attachments" : [ ],
          "parameters" : [ {
            "name" : "locator",
            "value" : "['xpath', \"//p[text()='Выполнено за сегодня:']/following-sibling::p\"]"
          }, {
            "name" : "timeout",
            "value" : "10"
          } ],
          "attachmentsCount" : 0,
          "shouldDisplayMessage" : false,
          "stepsCount" : 0,
          "hasContent" : true
        } ],
        "attachments" : [ ],
        "parameters" : [ {
          "name" : "locator",
          "value" : "['xpath', \"//p[text()='Выполнено за сегодня:']/following-sibling::p\"]"
        }, {
          "name" : "timeout",
          "value" : "10"
        } ],
        "attachmentsCount" : 0,
        "shouldDisplayMessage" : false,
        "stepsCount" : 1,
        "hasContent" : true
      } ],
      "attachments" : [ ],
      "parameters" : [ {
        "name" : "counter_locator",
        "value" : "['xpath', \"//p[text()='Выполнено за сегодня:']/following-sibling::p\"]"
      } ],
      "attachmentsCount" : 0,
      "shouldDisplayMessage" : false,
      "stepsCount" : 2,
      "hasContent" : true
    }, {
      "name" : "Кликнуть на кнопку 'Конструктор'",
      "time" : {
        "start" : 1748192565345,
        "stop" : 1748192565420,
        "duration" : 75
      },
      "status" : "passed",
      "steps" : [ {
        "name" : "Кликнуть на элемент",
        "time" : {
          "start" : 1748192565345,
          "stop" : 1748192565420,
          "duration" : 75
        },
        "status" : "passed",
        "steps" : [ {
          "name" : "Подождать видимости элемента",
          "time" : {
            "start" : 1748192565345,
            "stop" : 1748192565361,
            "duration" : 16
          },
          "status" : "passed",
          "steps" : [ ],
          "attachments" : [ ],
          "parameters" : [ {
            "name" : "locator",
            "value" : "['xpath', \"//p[text()='Конструктор']\"]"
          }, {
            "name" : "timeout",
            "value" : "10"
          } ],
          "attachmentsCount" : 0,
          "shouldDisplayMessage" : false,
          "stepsCount" : 0,
          "hasContent" : true
        } ],
        "attachments" : [ ],
        "parameters" : [ {
          "name" : "locator",
          "value" : "['xpath', \"//p[text()='Конструктор']\"]"
        }, {
          "name" : "timeout",
          "value" : "10"
        } ],
        "attachmentsCount" : 0,
        "shouldDisplayMessage" : false,
        "stepsCount" : 1,
        "hasContent" : true
      } ],
      "attachments" : [ ],
      "parameters" : [ ],
      "attachmentsCount" : 0,
      "shouldDisplayMessage" : false,
      "stepsCount" : 2,
      "hasContent" : true
    }, {
      "name" : "Перетащить ингредиент в заказ",
      "time" : {
        "start" : 1748192565420,
        "stop" : 1748192565468,
        "duration" : 48
      },
      "status" : "passed",
      "steps" : [ {
        "name" : "Перетащить элемент в корзину",
        "time" : {
          "start" : 1748192565420,
          "stop" : 1748192565468,
          "duration" : 48
        },
        "status" : "passed",
        "steps" : [ ],
        "attachments" : [ ],
        "parameters" : [ {
          "name" : "source",
          "value" : "['xpath', \"//img[@alt='Краторная булка N-200i']\"]"
        }, {
          "name" : "target",
          "value" : "['xpath', \"//span[contains(text(),'(верх)')]\"]"
        } ],
        "attachmentsCount" : 0,
        "shouldDisplayMessage" : false,
        "stepsCount" : 0,
        "hasContent" : true
      } ],
      "attachments" : [ ],
      "parameters" : [ ],
      "attachmentsCount" : 0,
      "shouldDisplayMessage" : false,
      "stepsCount" : 1,
      "hasContent" : true
    }, {
      "name" : "Кликнуть на кнопку 'Оформить заказ'",
      "time" : {
        "start" : 1748192565468,
        "stop" : 1748192565536,
        "duration" : 68
      },
      "status" : "passed",
      "steps" : [ {
        "name" : "Кликнуть на элемент",
        "time" : {
          "start" : 1748192565468,
          "stop" : 1748192565536,
          "duration" : 68
        },
        "status" : "passed",
        "steps" : [ {
          "name" : "Подождать видимости элемента",
          "time" : {
            "start" : 1748192565468,
            "stop" : 1748192565484,
            "duration" : 16
          },
          "status" : "passed",
          "steps" : [ ],
          "attachments" : [ ],
          "parameters" : [ {
            "name" : "locator",
            "value" : "['xpath', \"//button[text()='Оформить заказ']\"]"
          }, {
            "name" : "timeout",
            "value" : "10"
          } ],
          "attachmentsCount" : 0,
          "shouldDisplayMessage" : false,
          "stepsCount" : 0,
          "hasContent" : true
        } ],
        "attachments" : [ ],
        "parameters" : [ {
          "name" : "locator",
          "value" : "['xpath', \"//button[text()='Оформить заказ']\"]"
        }, {
          "name" : "timeout",
          "value" : "10"
        } ],
        "attachmentsCount" : 0,
        "shouldDisplayMessage" : false,
        "stepsCount" : 1,
        "hasContent" : true
      } ],
      "attachments" : [ ],
      "parameters" : [ ],
      "attachmentsCount" : 0,
      "shouldDisplayMessage" : false,
      "stepsCount" : 2,
      "hasContent" : true
    }, {
      "name" : "Подождать пока элемент станет невидимым",
      "time" : {
        "start" : 1748192565536,
        "stop" : 1748192565553,
        "duration" : 17
      },
      "status" : "passed",
      "steps" : [ ],
      "attachments" : [ ],
      "parameters" : [ {
        "name" : "locator",
        "value" : "['xpath', \".//div[contains(@class, 'Modal_modal_overlay__x2ZCr')]/parent::div\"]"
      }, {
        "name" : "timeout",
        "value" : "100"
      } ],
      "attachmentsCount" : 0,
      "shouldDisplayMessage" : false,
      "stepsCount" : 0,
      "hasContent" : true
    }, {
      "name" : "Кликнуть на крестик на всплывающем окне подтверждения заказа",
      "time" : {
        "start" : 1748192565553,
        "stop" : 1748192569237,
        "duration" : 3684
      },
      "status" : "passed",
      "steps" : [ {
        "name" : "Подождать пока элемент станет невидимым",
        "time" : {
          "start" : 1748192565553,
          "stop" : 1748192569170,
          "duration" : 3617
        },
        "status" : "passed",
        "steps" : [ ],
        "attachments" : [ ],
        "parameters" : [ {
          "name" : "locator",
          "value" : "['xpath', \".//div[contains(@class, 'Modal_modal_overlay__x2ZCr')]/parent::div\"]"
        }, {
          "name" : "timeout",
          "value" : "100"
        } ],
        "attachmentsCount" : 0,
        "shouldDisplayMessage" : false,
        "stepsCount" : 0,
        "hasContent" : true
      }, {
        "name" : "Подождать видимости элемента",
        "time" : {
          "start" : 1748192569170,
          "stop" : 1748192569181,
          "duration" : 11
        },
        "status" : "passed",
        "steps" : [ ],
        "attachments" : [ ],
        "parameters" : [ {
          "name" : "locator",
          "value" : "['css selector', 'path[fill-rule=\"evenodd\"][clip-rule=\"evenodd\"][d^=\"M3.29289 3.29289\"]']"
        }, {
          "name" : "timeout",
          "value" : "10"
        } ],
        "attachmentsCount" : 0,
        "shouldDisplayMessage" : false,
        "stepsCount" : 0,
        "hasContent" : true
      } ],
      "attachments" : [ ],
      "parameters" : [ ],
      "attachmentsCount" : 0,
      "shouldDisplayMessage" : false,
      "stepsCount" : 2,
      "hasContent" : true
    }, {
      "name" : "Кликнуть на кнопку 'Лента заказов'",
      "time" : {
        "start" : 1748192569237,
        "stop" : 1748192569507,
        "duration" : 270
      },
      "status" : "passed",
      "steps" : [ {
        "name" : "Кликнуть на элемент",
        "time" : {
          "start" : 1748192569237,
          "stop" : 1748192569507,
          "duration" : 270
        },
        "status" : "passed",
        "steps" : [ {
          "name" : "Подождать видимости элемента",
          "time" : {
            "start" : 1748192569237,
            "stop" : 1748192569249,
            "duration" : 12
          },
          "status" : "passed",
          "steps" : [ ],
          "attachments" : [ ],
          "parameters" : [ {
            "name" : "locator",
            "value" : "['xpath', \"//p[text()='Лента Заказов']\"]"
          }, {
            "name" : "timeout",
            "value" : "10"
          } ],
          "attachmentsCount" : 0,
          "shouldDisplayMessage" : false,
          "stepsCount" : 0,
          "hasContent" : true
        } ],
        "attachments" : [ ],
        "parameters" : [ {
          "name" : "locator",
          "value" : "['xpath', \"//p[text()='Лента Заказов']\"]"
        }, {
          "name" : "timeout",
          "value" : "10"
        } ],
        "attachmentsCount" : 0,
        "shouldDisplayMessage" : false,
        "stepsCount" : 1,
        "hasContent" : true
      } ],
      "attachments" : [ ],
      "parameters" : [ ],
      "attachmentsCount" : 0,
      "shouldDisplayMessage" : false,
      "stepsCount" : 2,
      "hasContent" : true
    }, {
      "name" : "Дождаться обновления счётчика «Выполнено за сегодня»",
      "time" : {
        "start" : 1748192569507,
        "stop" : 1748192579799,
        "duration" : 10292
      },
      "status" : "broken",
      "statusMessage" : "selenium.common.exceptions.TimeoutException: Message: \nStacktrace:\n\tGetHandleVerifier [0x00007FF74C1ECF45+75717]\n\tGetHandleVerifier [0x00007FF74C1ECFA0+75808]\n\t(No symbol) [0x00007FF74BFB8F9A]\n\t(No symbol) [0x00007FF74C00F4C6]\n\t(No symbol) [0x00007FF74C00F77C]\n\t(No symbol) [0x00007FF74C062577]\n\t(No symbol) [0x00007FF74C0373BF]\n\t(No symbol) [0x00007FF74C05F39C]\n\t(No symbol) [0x00007FF74C037153]\n\t(No symbol) [0x00007FF74C000421]\n\t(No symbol) [0x00007FF74C0011B3]\n\tGetHandleVerifier [0x00007FF74C4ED71D+3223453]\n\tGetHandleVerifier [0x00007FF74C4E7CC2+3200322]\n\tGetHandleVerifier [0x00007FF74C505AF3+3322739]\n\tGetHandleVerifier [0x00007FF74C206A1A+180890]\n\tGetHandleVerifier [0x00007FF74C20E11F+211359]\n\tGetHandleVerifier [0x00007FF74C1F5294+109332]\n\tGetHandleVerifier [0x00007FF74C1F5442+109762]\n\tGetHandleVerifier [0x00007FF74C1DBA59+4825]\n\tBaseThreadInitThunk [0x00007FF81D517374+20]\n\tRtlUserThreadStart [0x00007FF81D73CC91+33]\n\n",
      "statusTrace" : "  File \"C:\\Users\\Administrator\\Diplom\\Diplom_3\\env\\Lib\\site-packages\\allure_commons\\_allure.py\", line 202, in impl\n    return func(*a, **kw)\n           ^^^^^^^^^^^^^^\n  File \"C:\\Users\\Administrator\\Diplom\\Diplom_3\\pages\\orders_line_page.py\", line 29, in check_today_order_counter\n    return self.wait_for_attribute(OrdersLineLocators.TODAY_COUNTER, \"textContent\", expected, timeout)\n           ^^^^^^^^^^^^^^^^^^^^^^^^^^^^^^^^^^^^^^^^^^^^^^^^^^^^^^^^^^^^^^^^^^^^^^^^^^^^^^^^^^^^^^^^^^^\n  File \"C:\\Users\\Administrator\\Diplom\\Diplom_3\\env\\Lib\\site-packages\\allure_commons\\_allure.py\", line 202, in impl\n    return func(*a, **kw)\n           ^^^^^^^^^^^^^^\n  File \"C:\\Users\\Administrator\\Diplom\\Diplom_3\\pages\\base_page.py\", line 39, in wait_for_attribute\n    return WebDriverWait(self.driver, timeout).until(\n           ^^^^^^^^^^^^^^^^^^^^^^^^^^^^^^^^^^^^^^^^^^\n  File \"C:\\Users\\Administrator\\Diplom\\Diplom_3\\env\\Lib\\site-packages\\selenium\\webdriver\\support\\wait.py\", line 146, in until\n    raise TimeoutException(message, screen, stacktrace)\n",
      "steps" : [ {
        "name" : "Подождать пока элемент станет невидимым",
        "time" : {
          "start" : 1748192569507,
          "stop" : 1748192569528,
          "duration" : 21
        },
        "status" : "passed",
        "steps" : [ ],
        "attachments" : [ ],
        "parameters" : [ {
          "name" : "locator",
          "value" : "['xpath', \".//div[contains(@class, 'Modal_modal_overlay__x2ZCr')]/parent::div\"]"
        }, {
          "name" : "timeout",
          "value" : "100"
        } ],
        "attachmentsCount" : 0,
        "shouldDisplayMessage" : false,
        "stepsCount" : 0,
        "hasContent" : true
      }, {
        "name" : "Подождать и проверить, что атрибут элемента содержит текст",
        "time" : {
          "start" : 1748192569528,
          "stop" : 1748192579768,
          "duration" : 10240
        },
        "status" : "broken",
        "statusMessage" : "selenium.common.exceptions.TimeoutException: Message: \nStacktrace:\n\tGetHandleVerifier [0x00007FF74C1ECF45+75717]\n\tGetHandleVerifier [0x00007FF74C1ECFA0+75808]\n\t(No symbol) [0x00007FF74BFB8F9A]\n\t(No symbol) [0x00007FF74C00F4C6]\n\t(No symbol) [0x00007FF74C00F77C]\n\t(No symbol) [0x00007FF74C062577]\n\t(No symbol) [0x00007FF74C0373BF]\n\t(No symbol) [0x00007FF74C05F39C]\n\t(No symbol) [0x00007FF74C037153]\n\t(No symbol) [0x00007FF74C000421]\n\t(No symbol) [0x00007FF74C0011B3]\n\tGetHandleVerifier [0x00007FF74C4ED71D+3223453]\n\tGetHandleVerifier [0x00007FF74C4E7CC2+3200322]\n\tGetHandleVerifier [0x00007FF74C505AF3+3322739]\n\tGetHandleVerifier [0x00007FF74C206A1A+180890]\n\tGetHandleVerifier [0x00007FF74C20E11F+211359]\n\tGetHandleVerifier [0x00007FF74C1F5294+109332]\n\tGetHandleVerifier [0x00007FF74C1F5442+109762]\n\tGetHandleVerifier [0x00007FF74C1DBA59+4825]\n\tBaseThreadInitThunk [0x00007FF81D517374+20]\n\tRtlUserThreadStart [0x00007FF81D73CC91+33]\n\n",
        "statusTrace" : "  File \"C:\\Users\\Administrator\\Diplom\\Diplom_3\\env\\Lib\\site-packages\\allure_commons\\_allure.py\", line 202, in impl\n    return func(*a, **kw)\n           ^^^^^^^^^^^^^^\n  File \"C:\\Users\\Administrator\\Diplom\\Diplom_3\\pages\\base_page.py\", line 39, in wait_for_attribute\n    return WebDriverWait(self.driver, timeout).until(\n           ^^^^^^^^^^^^^^^^^^^^^^^^^^^^^^^^^^^^^^^^^^\n  File \"C:\\Users\\Administrator\\Diplom\\Diplom_3\\env\\Lib\\site-packages\\selenium\\webdriver\\support\\wait.py\", line 146, in until\n    raise TimeoutException(message, screen, stacktrace)\n",
        "steps" : [ ],
        "attachments" : [ ],
        "parameters" : [ {
          "name" : "locator",
          "value" : "['xpath', \"//p[text()='Выполнено за сегодня:']/following-sibling::p\"]"
        }, {
          "name" : "attribute",
          "value" : "'textContent'"
        }, {
          "name" : "value",
          "value" : "'1079'"
        }, {
          "name" : "timeout",
          "value" : "10"
        } ],
        "attachmentsCount" : 0,
        "shouldDisplayMessage" : true,
        "stepsCount" : 0,
        "hasContent" : true
      } ],
      "attachments" : [ ],
      "parameters" : [ {
        "name" : "before",
        "value" : "1078"
      }, {
        "name" : "increment",
        "value" : "1"
      }, {
        "name" : "timeout",
        "value" : "10"
      } ],
      "attachmentsCount" : 0,
      "shouldDisplayMessage" : false,
      "stepsCount" : 2,
      "hasContent" : true
    } ],
    "attachments" : [ ],
    "parameters" : [ ],
    "attachmentsCount" : 0,
    "shouldDisplayMessage" : true,
    "stepsCount" : 25,
    "hasContent" : true
  },
  "afterStages" : [ {
    "name" : "driver::0",
    "time" : {
      "start" : 1748192579908,
      "stop" : 1748192582074,
      "duration" : 2166
    },
    "status" : "passed",
    "steps" : [ ],
    "attachments" : [ ],
    "parameters" : [ ],
    "attachmentsCount" : 0,
    "shouldDisplayMessage" : false,
    "stepsCount" : 0,
    "hasContent" : false
  } ],
  "labels" : [ {
    "name" : "parentSuite",
    "value" : "tests"
  }, {
    "name" : "suite",
    "value" : "test_orders_line"
  }, {
    "name" : "subSuite",
    "value" : "TestOrdersLine"
  }, {
    "name" : "host",
    "value" : "DESKTOP-0807K0Q"
  }, {
    "name" : "thread",
    "value" : "7116-MainThread"
  }, {
    "name" : "framework",
    "value" : "pytest"
  }, {
    "name" : "language",
    "value" : "cpython3"
  }, {
    "name" : "package",
    "value" : "tests.test_orders_line"
  }, {
    "name" : "resultFormat",
    "value" : "allure2"
  } ],
  "parameters" : [ {
    "name" : "driver",
    "value" : "'chrome'"
  } ],
  "links" : [ ],
  "hidden" : false,
  "retry" : false,
  "extra" : {
    "severity" : "normal",
    "retries" : [ ],
    "categories" : [ {
      "name" : "Test defects",
      "matchedStatuses" : [ ],
      "flaky" : false
    } ],
    "tags" : [ ]
  },
  "source" : "846d21be9c9ddecb.json",
  "parameterValues" : [ "'chrome'" ]
}